  链表_学生管理.cpp
  顺序表.cpp
D:\VS文件\数据结构__链表\数据结构实验1\顺序表.cpp(11,17): error C2065: “SqList”: 未声明的标识符
D:\VS文件\数据结构__链表\数据结构实验1\顺序表.cpp(11,26): error C2065: “L”: 未声明的标识符
D:\VS文件\数据结构__链表\数据结构实验1\顺序表.cpp(11,29): error C2062: 意外的类型“int”
D:\VS文件\数据结构__链表\数据结构实验1\顺序表.cpp(12,17): error C2065: “SqList”: 未声明的标识符
D:\VS文件\数据结构__链表\数据结构实验1\顺序表.cpp(12,26): error C2065: “L”: 未声明的标识符
D:\VS文件\数据结构__链表\数据结构实验1\顺序表.cpp(12,29): error C2062: 意外的类型“int”
D:\VS文件\数据结构__链表\数据结构实验1\顺序表.cpp(13,14): error C2065: “SqList”: 未声明的标识符
D:\VS文件\数据结构__链表\数据结构实验1\顺序表.cpp(13,22): error C2065: “L”: 未声明的标识符
D:\VS文件\数据结构__链表\数据结构实验1\顺序表.cpp(13,25): error C2062: 意外的类型“int”
D:\VS文件\数据结构__链表\数据结构实验1\顺序表.cpp(14,12): error C2011: “Stu”:“struct”类型重定义
D:\VS文件\数据结构__链表\数据结构实验1\顺序表.cpp(6,8): message : 参见“Stu”的声明
D:\VS文件\数据结构__链表\数据结构实验1\顺序表.cpp(20,11): error C2079: “<unnamed-tag>::data”使用未定义的 struct“Stu”
D:\VS文件\数据结构__链表\数据结构实验1\顺序表.cpp(23,8): error C4430: 缺少类型说明符 - 假定为 int。注意: C++ 不支持默认 int
D:\VS文件\数据结构__链表\数据结构实验1\顺序表.cpp(32,6): error C2365: “ListInsert”: 重定义；以前的定义是“数据变量”
D:\VS文件\数据结构__链表\数据结构实验1\顺序表.cpp(11,6): message : 参见“ListInsert”的声明
D:\VS文件\数据结构__链表\数据结构实验1\顺序表.cpp(32,6): error C2027: 使用了未定义类型“Stu”
D:\VS文件\数据结构__链表\数据结构实验1\顺序表.cpp(6,8): message : 参见“Stu”的声明
D:\VS文件\数据结构__链表\数据结构实验1\顺序表.cpp(38,12): error C2109: 下标要求数组或指针类型
D:\VS文件\数据结构__链表\数据结构实验1\顺序表.cpp(38,29): error C2109: 下标要求数组或指针类型
D:\VS文件\数据结构__链表\数据结构实验1\顺序表.cpp(39,11): error C2109: 下标要求数组或指针类型
D:\VS文件\数据结构__链表\数据结构实验1\顺序表.cpp(44,6): error C2365: “ListDelete”: 重定义；以前的定义是“数据变量”
D:\VS文件\数据结构__链表\数据结构实验1\顺序表.cpp(12,6): message : 参见“ListDelete”的声明
D:\VS文件\数据结构__链表\数据结构实验1\顺序表.cpp(49,15): error C2109: 下标要求数组或指针类型
D:\VS文件\数据结构__链表\数据结构实验1\顺序表.cpp(51,12): error C2109: 下标要求数组或指针类型
D:\VS文件\数据结构__链表\数据结构实验1\顺序表.cpp(51,29): error C2109: 下标要求数组或指针类型
D:\VS文件\数据结构__链表\数据结构实验1\顺序表.cpp(56,6): error C2365: “GetElem”: 重定义；以前的定义是“数据变量”
D:\VS文件\数据结构__链表\数据结构实验1\顺序表.cpp(13,6): message : 参见“GetElem”的声明
D:\VS文件\数据结构__链表\数据结构实验1\顺序表.cpp(59,19): error C2109: 下标要求数组或指针类型
  正在生成代码...
